

Version:	3.8
CmdLine:	C:\Users\hp\Desktop\pSetup\Pendulum.exe --l4j-debug
WOW64:		yes
Working dir:	C:\Users\hp\Desktop\pSetup\.
Bundled JRE:	jre
Check launcher:	C:\Users\hp\Desktop\pSetup\jre\bin\javaw.exe (not found)
64-bit search:	SOFTWARE\JavaSoft\Java Development Kit...
Check:		SOFTWARE\JavaSoft\Java Development Kit\1.8
Ignore:		1.8
Check:		SOFTWARE\JavaSoft\Java Development Kit\1.8.0_25
Ignore:		1.8.0_25
Check:		SOFTWARE\JavaSoft\Java Development Kit\1.8.0_45
Check launcher:	C:\Program Files\Java\jdk1.8.0_45\jre\bin\javaw.exe (OK)
Match:		1.8.0_45
Runtime used:	1.8.0_45 (64-bit)
Launcher:	C:\Program Files\Java\jdk1.8.0_45\jre\bin\javaw.exe
Launcher args:	-jar "C:\Users\hp\Desktop\pSetup\Pendulum.exe"
Args length:	46/32768 chars
Exit code:	0


Version:	3.8
CmdLine:	C:\Users\hp\Desktop\pSetup\Pendulum.exe --l4j-debug
WOW64:		yes
Working dir:	C:\Users\hp\Desktop\pSetup\.
Bundled JRE:	.\jre\
Check launcher:	C:\Users\hp\Desktop\pSetup\.\jre\bin\javaw.exe (not found)
Error msg:	This application was configured to use a bundled Java Runtime Environment but the runtime is missing or corrupted.


Version:	3.8
CmdLine:	C:\Users\hp\Desktop\pSetup\Pendulum.exe --l4j-debug
WOW64:		yes
Working dir:	C:\Users\hp\Desktop\pSetup\.
Bundled JRE:	.\jre\
Check launcher:	C:\Users\hp\Desktop\pSetup\.\jre\bin\javaw.exe (not found)
Error msg:	This application was configured to use a bundled Java Runtime Environment but the runtime is missing or corrupted.


Version:	3.8
CmdLine:	C:\Users\hp\Desktop\pSetup\Pendulum.exe --l4j-debug
WOW64:		yes
Working dir:	C:\Users\hp\Desktop\pSetup\.
Bundled JRE:	.\jre\
Check launcher:	C:\Users\hp\Desktop\pSetup\.\jre\bin\javaw.exe (not found)
Error msg:	This application was configured to use a bundled Java Runtime Environment but the runtime is missing or corrupted.


Version:	3.8
CmdLine:	C:\Users\hp\Desktop\pSetup\Pendulum.exe --l4j-debug
WOW64:		yes
Working dir:	C:\Users\hp\Desktop\pSetup\.
Bundled JRE:	jre
Check launcher:	C:\Users\hp\Desktop\pSetup\jre\bin\javaw.exe (not found)
Error msg:	This application was configured to use a bundled Java Runtime Environment but the runtime is missing or corrupted.


Version:	3.8
CmdLine:	C:\Users\hp\Desktop\pSetup\Pendulum.exe --l4j-debug
WOW64:		yes
Working dir:	C:\Users\hp\Desktop\pSetup\.
Bundled JRE:	jre
Check launcher:	C:\Users\hp\Desktop\pSetup\jre\bin\javaw.exe (not found)
Error msg:	This application was configured to use a bundled Java Runtime Environment but the runtime is missing or corrupted.


Version:	3.8
CmdLine:	C:\Users\hp\Desktop\pSetup\Pendulum.exe --l4j-debug
WOW64:		yes
Working dir:	C:\Users\hp\Desktop\pSetup\.
Bundled JRE:	jre
Check launcher:	C:\Users\hp\Desktop\pSetup\jre\bin\javaw.exe (not found)
Error msg:	This application was configured to use a bundled Java Runtime Environment but the runtime is missing or corrupted.


Version:	3.8
CmdLine:	C:\Users\hp\Desktop\pSetup\Pendulum.exe --l4j-debug
WOW64:		yes
Working dir:	C:\Users\hp\Desktop\pSetup\.
Bundled JRE:	jre
Check launcher:	C:\Users\hp\Desktop\pSetup\jre\bin\javaw.exe (not found)
Error msg:	This application was configured to use a bundled Java Runtime Environment but the runtime is missing or corrupted.


Version:	3.8
CmdLine:	C:\Users\hp\Desktop\pSetup\Pendulum.exe --l4j-debug
WOW64:		yes
Working dir:	C:\Users\hp\Desktop\pSetup\.
Bundled JRE:	jre
Check launcher:	C:\Users\hp\Desktop\pSetup\jre\bin\javaw.exe (not found)
Error msg:	This application was configured to use a bundled Java Runtime Environment but the runtime is missing or corrupted.


Version:	3.8
CmdLine:	C:\Users\hp\Desktop\pSetup\Pendulum.exe --l4j-debug
WOW64:		yes
Working dir:	C:\Users\hp\Desktop\pSetup\.
Bundled JRE:	jre
Check launcher:	C:\Users\hp\Desktop\pSetup\jre\bin\javaw.exe (not found)
Error msg:	This application was configured to use a bundled Java Runtime Environment but the runtime is missing or corrupted.


Version:	3.8
CmdLine:	C:\Users\hp\Desktop\pSetup\Pendulum.exe --l4j-debug
WOW64:		yes
Working dir:	C:\Users\hp\Desktop\pSetup\.
Bundled JRE:	jre
Check launcher:	C:\Users\hp\Desktop\pSetup\jre\bin\javaw.exe (not found)
Error msg:	This application was configured to use a bundled Java Runtime Environment but the runtime is missing or corrupted.


Version:	3.8
CmdLine:	C:\Users\hp\Desktop\pSetup\Pendulum.exe --l4j-debug
WOW64:		yes
Working dir:	C:\Users\hp\Desktop\pSetup\.
Bundled JRE:	jre
Check launcher:	C:\Users\hp\Desktop\pSetup\jre\bin\javaw.exe (not found)
Error msg:	This application was configured to use a bundled Java Runtime Environment but the runtime is missing or corrupted.


Version:	3.8
CmdLine:	C:\Users\hp\Desktop\pSetup\Pendulum.exe --l4j-debug
WOW64:		yes
Working dir:	C:\Users\hp\Desktop\pSetup\.
Bundled JRE:	jre
Check launcher:	C:\Users\hp\Desktop\pSetup\jre\bin\javaw.exe (not found)
Error msg:	This application was configured to use a bundled Java Runtime Environment but the runtime is missing or corrupted.


Version:	3.8
CmdLine:	C:\Users\hp\Desktop\pSetup\Pendulum.exe --l4j-debug
WOW64:		yes
Working dir:	C:\Users\hp\Desktop\pSetup\.
Bundled JRE:	jre
Check launcher:	C:\Users\hp\Desktop\pSetup\jre\bin\javaw.exe (not found)
64-bit search:	SOFTWARE\JavaSoft\Java Development Kit...
Check:		SOFTWARE\JavaSoft\Java Development Kit\1.8
Ignore:		1.8
Check:		SOFTWARE\JavaSoft\Java Development Kit\1.8.0_25
Ignore:		1.8.0_25
Check:		SOFTWARE\JavaSoft\Java Development Kit\1.8.0_45
Ignore:		1.8.0_45
32-bit search:	SOFTWARE\JavaSoft\Java Development Kit...
64-bit search:	SOFTWARE\IBM\Java Development Kit...
32-bit search:	SOFTWARE\IBM\Java Development Kit...
Error msg:	This application requires a Java Runtime Environment 1.8.3
Open URL:	http://java.com/download


Version:	3.8
CmdLine:	C:\Users\hp\Desktop\pSetup\Pendulum.exe --l4j-debug
WOW64:		yes
Working dir:	C:\Users\hp\Desktop\pSetup\.
Bundled JRE:	jre\
Check launcher:	C:\Users\hp\Desktop\pSetup\jre\bin\javaw.exe (not found)
Error msg:	This application was configured to use a bundled Java Runtime Environment but the runtime is missing or corrupted.


Version:	3.8
CmdLine:	C:\Users\hp\Desktop\pSetup\Pendulum.exe --l4j-debug
WOW64:		yes
Working dir:	C:\Users\hp\Desktop\pSetup\.
Bundled JRE:	jre
Check launcher:	C:\Users\hp\Desktop\pSetup\jre\bin\javaw.exe (OK)
Launcher:	C:\Users\hp\Desktop\pSetup\jre\bin\javaw.exe
Launcher args:	-jar "C:\Users\hp\Desktop\pSetup\Pendulum.exe"
Args length:	46/32768 chars
Exit code:	0


Version:	3.8
CmdLine:	C:\Users\hp\Desktop\pSetup\Pendulum.exe --l4j-debug
WOW64:		yes
Working dir:	C:\Users\hp\Desktop\pSetup\.
Bundled JRE:	jre
Check launcher:	C:\Users\hp\Desktop\pSetup\jre\bin\javaw.exe (not found)
Error msg:	This application was configured to use a bundled Java Runtime Environment but the runtime is missing or corrupted.
